Log file open, 12/01/14 22:47:45
LogInit:Display: Running engine for game: SumoCowVersion3
LogInit: Version: 4.5.1-2336687+++depot+UE4-Releases+4.5
LogInit: API Version: 2326478
LogInit: Compiled (64-bit): Oct 21 2014 22:32:40
LogInit: Compiled with Visual C++: 18.00.21005.01
LogInit: Build Configuration: Development
LogInit: Branch Name: ++depot+UE4-Releases+4.5
LogInit: Command line:  
LogInit: Base directory: C:/Program Files/Unreal Engine/4.5/Engine/Binaries/Win64/
LogInit: Rocket: 1
[2014.12.02-03.47.45:552][  0]LogTaskGraph: Started task graph with 3 named threads and 4 total threads.
[2014.12.02-03.47.45:589][  0]LogOnline:Warning: No default platform service specified for OnlineSubsystem
[2014.12.02-03.47.45:673][  0]LogInit: Presizing for 0 objects not considered by GC, pre-allocating 0 bytes.
[2014.12.02-03.47.45:684][  0]LogInit: Object subsystem initialized
[2014.12.02-03.47.45:688][  0]LogConsoleResponse:Warning: Skipping Unknown console variable: 'UIScaleRule = ShortestSide'
[2014.12.02-03.47.45:688][  0]LogConsoleResponse:Warning:   Found in ini file 'C:/Users/Tom/Documents/Unreal Projects/SumoCowVersion3/Saved/Config/Windows/Engine.ini', in section '[/Script/Engine.RendererSettings]'
[2014.12.02-03.47.45:688][  0]LogConsoleResponse:Warning: Skipping Unknown console variable: 'UIScaleCurve = (EditorCurveData=(Keys=((Time=480.000000,Value=0.444000),(Time=720.000000,Value=0.666000),(Time=1080.000000,Value=1.000000),(Time=8640.000000,Value=8.000000))),ExternalCurve=None)'
[2014.12.02-03.47.45:688][  0]LogConsoleResponse:Warning:   Found in ini file 'C:/Users/Tom/Documents/Unreal Projects/SumoCowVersion3/Saved/Config/Windows/Engine.ini', in section '[/Script/Engine.RendererSettings]'
[2014.12.02-03.47.45:689][  0]LogInit: Selected Device Profile: [Windows]
[2014.12.02-03.47.45:689][  0]LogInit: Applying CVar settings loaded from the selected device profile: [Windows]
[2014.12.02-03.47.45:698][  0]LogInit: Computer: TOMS-PC
[2014.12.02-03.47.45:698][  0]LogInit: User: Tom
[2014.12.02-03.47.45:700][  0]LogInit: CPU Page size=4096, Cores=4
[2014.12.02-03.47.45:700][  0]LogInit: High frequency timer resolution =3.320439 MHz
[2014.12.02-03.47.45:700][  0]LogMemory: Memory total: Physical=8.0GB (8GB approx) Virtual=8192.0GB
[2014.12.02-03.47.45:700][  0]LogMemory: Platform Memory Stats for Windows
[2014.12.02-03.47.45:700][  0]LogMemory: Process Physical Memory: 61.94 MB used, 61.94 MB peak
[2014.12.02-03.47.45:700][  0]LogMemory: Process Virtual Memory: 37.37 MB used, 37.37 MB peak
[2014.12.02-03.47.45:700][  0]LogMemory: Physical Memory: 1776.57 MB used, 8156.23 MB total
[2014.12.02-03.47.45:700][  0]LogMemory: Virtual Memory: 271.29 MB used, 8388608.00 MB total
[2014.12.02-03.47.46:052][  0]LogD3D11RHI: Found D3D11 adapter 0: NVIDIA GeForce GTX 560 Ti  (Feature Level 11_0)
[2014.12.02-03.47.46:052][  0]LogD3D11RHI: Adapter has 1232MB of dedicated video memory, 0MB of dedicated system memory, and 2815MB of shared system memory, 1 output[s]
[2014.12.02-03.47.46:052][  0]LogD3D11RHI: Chosen D3D11 Adapter Id = 0
[2014.12.02-03.47.46:064][  0]LogRHI: Texture pool is 862 MB (70% of 1232 MB)
[2014.12.02-03.47.46:079][  0]LogD3D11RHI: Async texture creation enabled
[2014.12.02-03.47.46:347][  0]LogTextLocalizationManager: The requested culture ('en_US') has no localization data; parent culture's ('en') localization data will be used.
[2014.12.02-03.47.46:514][  0]LogContentStreaming: Texture pool size is 0.000000MB
[2014.12.02-03.47.53:815][  0]LogTargetPlatformManager:Display: Building Assets For Windows
[2014.12.02-03.47.54:730][  0]LogTargetPlatformManager:Display: Building Assets For Windows
[2014.12.02-03.47.54:813][  0]LogDerivedDataCache:Display: Max Cache Size: 512 MB
[2014.12.02-03.47.55:172][  0]LogDerivedDataCache: Loaded boot cache 0.32s 39MB C:/Users/Tom/AppData/Local/UnrealEngine/4.5/DerivedDataCache/Boot.ddc.
[2014.12.02-03.47.55:172][  0]LogDerivedDataCache:Display: Loaded Boot cache: C:/Users/Tom/AppData/Local/UnrealEngine/4.5/DerivedDataCache/Boot.ddc
[2014.12.02-03.47.55:172][  0]LogDerivedDataCache: FDerivedDataBackendGraph:  Pak pak cache file ../../../../../../Users/Tom/Documents/Unreal Projects/SumoCowVersion3/DerivedDataCache/DDC.ddp not found, will not use a pak cache.
[2014.12.02-03.47.55:173][  0]LogDerivedDataCache: Unable to find inner node Pak for hierarchical cache Hierarchy.
[2014.12.02-03.47.55:255][  0]LogDerivedDataCache:Display: Pak cache opened for reading ../../../Engine/DerivedDataCache/DDC.ddp.
[2014.12.02-03.47.55:267][  0]LogDerivedDataCache: Using Local data cache path C:/Users/Tom/AppData/Local/UnrealEngine/Common/DerivedDataCache: Writable
[2014.12.02-03.47.55:573][  0]LogMeshUtilities: No automatic mesh reduction module available
[2014.12.02-03.47.55:573][  0]LogMeshUtilities: No automatic mesh merging module available
[2014.12.02-03.47.55:972][  0]LogLinker:Warning: Asset '../../../Engine/Content/Functions/Engine_MaterialFunctions02/Texturing/FlipBook.uasset' has been saved with empty engine version. The asset will be loaded but may be incompatible.
[2014.12.02-03.47.55:977][  0]LogLinker:Warning: Asset '../../../Engine/Content/Functions/Engine_MaterialFunctions02/ExampleContent/Textures/flipbook.uasset' has been saved with empty engine version. The asset will be loaded but may be incompatible.
[2014.12.02-03.47.56:279][  0]LogInit: WinSock: version 1.1 (2.2), MaxSocks=32767, MaxUdp=65467
[2014.12.02-03.47.58:075][  0]UdpMessaging: Initializing bridge on interface 0.0.0.0:0 to multicast group 230.0.0.1:6666.
[2014.12.02-03.47.58:558][  0]LogDirectoryWatcher:Warning: Failed to begin reading directory changes for C:/Users/Tom/Documents/Unreal Projects/SumoCowVersion3/Binaries/Win64. Error: 0
[2014.12.02-03.47.58:866][  0]SourceControl: Info Source control is disabled
[2014.12.02-03.47.58:866][  0]SourceControl: Info Source control is disabled
[2014.12.02-03.47.58:881][  0]SourceControl: Info Source control is disabled
[2014.12.02-03.47.59:279][  0]LogObj: 22915 objects as part of root set at end of initial load.
[2014.12.02-03.47.59:279][  0]LogUObjectAllocator: 4803544 out of 0 bytes used by permanent object pool.
[2014.12.02-03.47.59:399][  0]LogEngine: Initializing Engine...
[2014.12.02-03.47.59:609][  0]LogInit: XAudio2 using 'Speakers (Realtek High Definition Audio)' : 2 channels at 48 kHz using 32 bits per sample (channel mask 0x3)
[2014.12.02-03.47.59:667][  0]LogInit: FAudioDevice initialized.
[2014.12.02-03.47.59:716][  0]LogAIModule: Creating AISystem for world NewWorld
[2014.12.02-03.47.59:719][  0]LogDerivedDataCache:Error: Could not save memory cache C:/Users/Tom/AppData/Local/UnrealEngine/4.5/DerivedDataCache/Boot.ddc.
[2014.12.02-03.47.59:735][  0]LogInit: Texture streaming: Enabled
[2014.12.02-03.47.59:855][  0]LogInit: Transaction tracking system initialized
[2014.12.02-03.48.00:120][  0]BlueprintLog: New page: Editor Load
[2014.12.02-03.48.00:223][  0]LogAssetRegistry: FAssetRegistry took 0.0101 seconds to start up
[2014.12.02-03.48.00:224][  0]LogDirectoryWatcher:Warning: Failed to begin reading directory changes for ../../../Engine/Plugins/Experimental/CharacterAI/Content/. Error: 0
[2014.12.02-03.48.01:213][  0]LogTargetPlatformManager:Display: Building Assets For Windows
[2014.12.02-03.48.01:871][  0]LogTargetPlatformManager:Display: Building Assets For Windows
[2014.12.02-03.48.02:544][  0]LogConsoleResponse:Display: 
[2014.12.02-03.48.03:018][  0]SourceControl: Info Source control is disabled
[2014.12.02-03.48.03:018][  0]Cmd: MAP LOAD FILE="../../../../../../Users/Tom/Documents/Unreal Projects/SumoCowVersion3/Content/Maps/Example_Map.umap" TEMPLATE=0 SHOWPROGRESS=1
[2014.12.02-03.48.03:026][  0]LightingResults: New page: Lighting Build
[2014.12.02-03.48.03:045][  0]MapCheck: New page: Map Check
[2014.12.02-03.48.03:045][  0]LightingResults: New page: Lighting Build
[2014.12.02-03.48.03:072][  0]LogParticles: Destroying 0 GPU particle simulations for FXSystem 0x0000000016D959E0
[2014.12.02-03.48.09:639][  0]LogEditorServer: Finished looking for orphan Actors (0.000 secs)
[2014.12.02-03.48.09:640][  0]LogAIModule: Creating AISystem for world Example_Map
[2014.12.02-03.48.09:640][  0]Cmd: MAP CHECKDEP
[2014.12.02-03.48.09:654][  0]MapCheck: New page: Example_Map - Dec 1, 2014, 5:48:09 PM
[2014.12.02-03.48.09:892][  0]MapCheck: Info Map check complete: 0 Error(s), 0 Warning(s), took 251.271ms to complete.
[2014.12.02-03.48.09:892][  0]LogFileHelpers: Loading map 'Example_Map' took 6.873
[2014.12.02-03.48.10:044][  0]LogCollectionManager: Loaded 0 collections in 0.001806 seconds
[2014.12.02-03.48.10:249][  0]LogCrashTracker: Crashtracker disabled due to settings.
[2014.12.02-03.48.10:271][  0]LogUObjectGlobals:Warning: Failed to find object 'Class None.'
[2014.12.02-03.48.10:334][  0]LogLoad: Full Startup: 27.83 seconds (BP compile: 0.23 seconds)
[2014.12.02-03.48.10:686][  0]LogContentBrowser:Verbose: The content browser source was changed by the sources view to '/Game/Blueprints'
[2014.12.02-03.48.10:860][  0]LogRenderer:Warning: Reallocating scene render targets to support 688x592.
[2014.12.02-03.48.12:121][  4]LogAssetRegistry: Asset discovery search completed in 11.9083 seconds
[2014.12.02-03.50.18:899][384]LogActorComponent: UnregisterComponent: (/Engine/Transient.CharacterMovementComponent_0) Not registered. Aborting.
[2014.12.02-03.50.19:594][385]Cmd: QUIT_EDITOR
[2014.12.02-03.50.19:952][385]LogExit: Preparing to exit.
[2014.12.02-03.50.20:215][385]LogExit: Editor shut down
[2014.12.02-03.50.20:216][385]LogExit: Transaction tracking system shut down
[2014.12.02-03.50.20:217][385]LogParticles: Destroying 0 GPU particle simulations for FXSystem 0x000000000AB8D440
[2014.12.02-03.50.20:246][385]LogParticles: Destroying 0 GPU particle simulations for FXSystem 0x000000000CE9A340
[2014.12.02-03.50.20:247][385]LogParticles: Destroying 0 GPU particle simulations for FXSystem 0x0000000020392FC0
[2014.12.02-03.50.20:247][385]LogParticles: Destroying 0 GPU particle simulations for FXSystem 0x00000000203931A0
[2014.12.02-03.50.20:247][385]LogExit: Object subsystem successfully closed.
[2014.12.02-03.50.20:331][385]LogModuleManager: Shutting down and abandoning module AndroidDeviceDetection (166)
[2014.12.02-03.50.20:331][385]LogModuleManager: Shutting down and abandoning module CrashTracker (165)
[2014.12.02-03.50.20:331][385]LogModuleManager: Shutting down and abandoning module SuperSearch (164)
[2014.12.02-03.50.20:331][385]LogModuleManager: Shutting down and abandoning module SceneOutliner (163)
[2014.12.02-03.50.20:331][385]LogModuleManager: Shutting down and abandoning module EditorWidgets (162)
[2014.12.02-03.50.20:331][385]LogModuleManager: Shutting down and abandoning module CollectionManager (161)
[2014.12.02-03.50.20:331][385]LogModuleManager: Shutting down and abandoning module StatsViewer (160)
[2014.12.02-03.50.20:331][385]LogModuleManager: Shutting down and abandoning module FoliageEdit (159)
[2014.12.02-03.50.20:331][385]LogModuleManager: Shutting down and abandoning module LandscapeEditor (158)
[2014.12.02-03.50.20:331][385]LogModuleManager: Shutting down and abandoning module MeshPaint (157)
[2014.12.02-03.50.20:331][385]LogModuleManager: Shutting down and abandoning module ActorPickerMode (156)
[2014.12.02-03.50.20:331][385]LogModuleManager: Shutting down and abandoning module GeometryMode (155)
[2014.12.02-03.50.20:331][385]LogModuleManager: Shutting down and abandoning module TextureAlignMode (154)
[2014.12.02-03.50.20:331][385]LogModuleManager: Shutting down and abandoning module BspMode (153)
[2014.12.02-03.50.20:331][385]LogModuleManager: Shutting down and abandoning module PlacementMode (152)
[2014.12.02-03.50.20:331][385]LogModuleManager: Shutting down and abandoning module AutomationWorker (151)
[2014.12.02-03.50.20:331][385]LogModuleManager: Shutting down and abandoning module CharacterAI (150)
[2014.12.02-03.50.20:331][385]LogModuleManager: Shutting down and abandoning module GameProjectGeneration (149)
[2014.12.02-03.50.20:331][385]LogModuleManager: Shutting down and abandoning module IntroTutorials (148)
[2014.12.02-03.50.20:331][385]LogModuleManager: Shutting down and abandoning module EditorLiveStreaming (147)
[2014.12.02-03.50.20:331][385]LogModuleManager: Shutting down and abandoning module HardwareTargeting (146)
[2014.12.02-03.50.20:331][385]LogModuleManager: Shutting down and abandoning module BehaviorTreeEditor (145)
[2014.12.02-03.50.20:331][385]LogModuleManager: Shutting down and abandoning module DeviceProfileEditor (144)
[2014.12.02-03.50.20:331][385]LogModuleManager: Shutting down and abandoning module UndoHistory (143)
[2014.12.02-03.50.20:331][385]LogModuleManager: Shutting down and abandoning module GameplayTagsEditor (142)
[2014.12.02-03.50.20:331][385]LogModuleManager: Shutting down and abandoning module UserFeedback (141)
[2014.12.02-03.50.20:331][385]LogModuleManager: Shutting down and abandoning module XmlParser (140)
[2014.12.02-03.50.20:331][385]LogModuleManager: Shutting down and abandoning module Blutility (139)
[2014.12.02-03.50.20:331][385]LogModuleManager: Shutting down and abandoning module IOSPlatformEditor (138)
[2014.12.02-03.50.20:332][385]LogModuleManager: Shutting down and abandoning module IOSRuntimeSettings (137)
[2014.12.02-03.50.20:332][385]LogModuleManager: Shutting down and abandoning module AndroidPlatformEditor (136)
[2014.12.02-03.50.20:332][385]LogModuleManager: Shutting down and abandoning module AndroidRuntimeSettings (135)
[2014.12.02-03.50.20:332][385]LogModuleManager: Shutting down and abandoning module ProjectTargetPlatformEditor (134)
[2014.12.02-03.50.20:332][385]LogModuleManager: Shutting down and abandoning module ProjectSettingsViewer (133)
[2014.12.02-03.50.20:332][385]LogModuleManager: Shutting down and abandoning module InputBindingEditor (132)
[2014.12.02-03.50.20:333][385]LogModuleManager: Shutting down and abandoning module EditorSettingsViewer (131)
[2014.12.02-03.50.20:333][385]LogModuleManager: Shutting down and abandoning module SettingsEditor (130)
[2014.12.02-03.50.20:333][385]LogModuleManager: Shutting down and abandoning module ProjectLauncher (129)
[2014.12.02-03.50.20:333][385]LogModuleManager: Shutting down and abandoning module SessionFrontend (128)
[2014.12.02-03.50.20:333][385]LogModuleManager: Shutting down and abandoning module ProfilerClient (127)
[2014.12.02-03.50.20:333][385]LogModuleManager: Shutting down and abandoning module TargetDeviceServices (126)
[2014.12.02-03.50.20:333][385]LogModuleManager: Shutting down and abandoning module DeviceManager (125)
[2014.12.02-03.50.20:333][385]LogModuleManager: Shutting down and abandoning module AutomationController (124)
[2014.12.02-03.50.20:333][385]LogModuleManager: Shutting down and abandoning module AutomationWindow (123)
[2014.12.02-03.50.20:333][385]LogModuleManager: Shutting down and abandoning module Layers (122)
[2014.12.02-03.50.20:333][385]LogModuleManager: Shutting down and abandoning module ComponentVisualizers (121)
[2014.12.02-03.50.20:333][385]LogModuleManager: Shutting down and abandoning module DetailCustomizations (120)
[2014.12.02-03.50.20:333][385]LogModuleManager: Shutting down and abandoning module PackagesDialog (119)
[2014.12.02-03.50.20:333][385]LogModuleManager: Shutting down and abandoning module AssetRegistry (118)
[2014.12.02-03.50.20:370][385]LogModuleManager: Shutting down and abandoning module Persona (117)
[2014.12.02-03.50.20:370][385]LogModuleManager: Shutting down and abandoning module Kismet (116)
[2014.12.02-03.50.20:370][385]LogModuleManager: Shutting down and abandoning module GraphEditor (115)
[2014.12.02-03.50.20:370][385]LogModuleManager: Shutting down and abandoning module ClassViewer (114)
[2014.12.02-03.50.20:370][385]LogModuleManager: Shutting down and abandoning module Toolbox (113)
[2014.12.02-03.50.20:371][385]LogModuleManager: Shutting down and abandoning module ModuleUI (112)
[2014.12.02-03.50.20:371][385]LogModuleManager: Shutting down and abandoning module MovieSceneTools (111)
[2014.12.02-03.50.20:371][385]LogModuleManager: Shutting down and abandoning module OutputLog (110)
[2014.12.02-03.50.20:371][385]LogModuleManager: Shutting down and abandoning module GammaUI (109)
[2014.12.02-03.50.20:371][385]LogModuleManager: Shutting down and abandoning module Documentation (108)
[2014.12.02-03.50.20:371][385]LogModuleManager: Shutting down and abandoning module GameLiveStreaming (107)
[2014.12.02-03.50.20:371][385]LogModuleManager: Shutting down and abandoning module StreamingPauseRendering (106)
[2014.12.02-03.50.20:371][385]LogModuleManager: Shutting down and abandoning module HTTP (105)
[2014.12.02-03.50.20:371][385]LogModuleManager: Shutting down and abandoning module AnalyticsET (104)
[2014.12.02-03.50.20:371][385]LogModuleManager: Shutting down and abandoning module Analytics (103)
[2014.12.02-03.50.20:371][385]LogModuleManager: Shutting down and abandoning module GameplayDebugger (102)
[2014.12.02-03.50.20:371][385]LogModuleManager: Shutting down and abandoning module AIModule (101)
[2014.12.02-03.50.20:371][385]LogModuleManager: Shutting down and abandoning module ProfilerService (100)
[2014.12.02-03.50.20:515][385]LogModuleManager: Shutting down and abandoning module TaskGraph (99)
[2014.12.02-03.50.20:515][385]LogModuleManager: Shutting down and abandoning module SlateRemote (98)
[2014.12.02-03.50.20:523][385]LogModuleManager: Shutting down and abandoning module ScriptEditorPlugin (97)
[2014.12.02-03.50.20:523][385]LogModuleManager: Shutting down and abandoning module CustomMeshComponent (96)
[2014.12.02-03.50.20:523][385]LogModuleManager: Shutting down and abandoning module CableComponent (95)
[2014.12.02-03.50.20:523][385]LogModuleManager: Shutting down and abandoning module MessagingDebugger (94)
[2014.12.02-03.50.20:523][385]LogModuleManager: Shutting down and abandoning module MediaPlayerEditor (93)
[2014.12.02-03.50.20:523][385]LogModuleManager: Shutting down and abandoning module SpeedTreeImporter (92)
[2014.12.02-03.50.20:523][385]LogModuleManager: Shutting down and abandoning module PluginsEditor (91)
[2014.12.02-03.50.20:523][385]LogModuleManager: Shutting down and abandoning module EpicSurvey (90)
[2014.12.02-03.50.20:524][385]LogModuleManager: Shutting down and abandoning module DesktopPlatform (89)
[2014.12.02-03.50.20:524][385]LogModuleManager: Shutting down and abandoning module VisualStudioSourceCodeAccess (88)
[2014.12.02-03.50.20:524][385]LogModuleManager: Shutting down and abandoning module UObjectPlugin (87)
[2014.12.02-03.50.20:524][385]LogModuleManager: Shutting down and abandoning module SubversionSourceControl (86)
[2014.12.02-03.50.20:524][385]LogModuleManager: Shutting down and abandoning module SourceControl (85)
[2014.12.02-03.50.20:524][385]LogModuleManager: Shutting down and abandoning module PerforceSourceControl (84)
[2014.12.02-03.50.20:524][385]LogModuleManager: Shutting down and abandoning module BlankPlugin (83)
[2014.12.02-03.50.20:524][385]LogModuleManager: Shutting down and abandoning module SlateReflector (82)
[2014.12.02-03.50.20:524][385]LogModuleManager: Shutting down and abandoning module DirectoryWatcher (81)
[2014.12.02-03.50.20:524][385]LogModuleManager: Shutting down and abandoning module HotReload (80)
[2014.12.02-03.50.20:524][385]LogModuleManager: Shutting down and abandoning module MainFrame (79)
[2014.12.02-03.50.20:524][385]LogModuleManager: Shutting down and abandoning module LevelEditor (78)
[2014.12.02-03.50.20:525][385]LogModuleManager: Shutting down and abandoning module ViewportSnapping (77)
[2014.12.02-03.50.20:525][385]LogModuleManager: Shutting down and abandoning module SmartSnapping (76)
[2014.12.02-03.50.20:525][385]LogModuleManager: Shutting down and abandoning module PaperTiledImporter (75)
[2014.12.02-03.50.20:525][385]LogModuleManager: Shutting down and abandoning module PaperJsonImporter (74)
[2014.12.02-03.50.20:525][385]LogModuleManager: Shutting down and abandoning module ContentBrowser (73)
[2014.12.02-03.50.20:525][385]LogModuleManager: Shutting down and abandoning module PropertyEditor (72)
[2014.12.02-03.50.20:525][385]LogModuleManager: Shutting down and abandoning module Paper2DEditor (71)
[2014.12.02-03.50.20:525][385]LogModuleManager: Shutting down and abandoning module ScriptPlugin (70)
[2014.12.02-03.50.20:526][385]LogModuleManager: Shutting down and abandoning module UdpMessaging (69)
[2014.12.02-03.50.20:626][385]LogModuleManager: Shutting down and abandoning module Paper2D (68)
[2014.12.02-03.50.20:626][385]LogModuleManager: Shutting down and abandoning module WindowsMoviePlayer (67)
[2014.12.02-03.50.20:630][385]LogModuleManager: Shutting down and abandoning module Media (66)
[2014.12.02-03.50.20:630][385]LogModuleManager: Shutting down and abandoning module WmfMedia (65)
[2014.12.02-03.50.20:630][385]LogModuleManager: Shutting down and abandoning module OnlineBlueprintSupport (64)
[2014.12.02-03.50.20:630][385]LogModuleManager: Shutting down and abandoning module FunctionalTesting (63)
[2014.12.02-03.50.20:630][385]LogModuleManager: Shutting down and abandoning module CollisionAnalyzer (62)
[2014.12.02-03.50.20:630][385]LogModuleManager: Shutting down and abandoning module WorkspaceMenuStructure (61)
[2014.12.02-03.50.20:630][385]LogModuleManager: Shutting down and abandoning module MessageLog (60)
[2014.12.02-03.50.20:630][385]LogModuleManager: Shutting down and abandoning module Sequencer (59)
[2014.12.02-03.50.20:630][385]LogModuleManager: Shutting down and abandoning module AssetTools (58)
[2014.12.02-03.50.20:630][385]LogModuleManager: Shutting down and abandoning module UMGEditor (57)
[2014.12.02-03.50.20:630][385]LogModuleManager: Shutting down and abandoning module UMG (56)
[2014.12.02-03.50.20:630][385]LogModuleManager: Shutting down and abandoning module Slate (55)
[2014.12.02-03.50.20:630][385]LogModuleManager: Shutting down and abandoning module EditorStyle (54)
[2014.12.02-03.50.20:632][385]LogModuleManager: Shutting down and abandoning module SessionServices (53)
[2014.12.02-03.50.20:632][385]LogModuleManager: Shutting down and abandoning module SourceCodeAccess (52)
[2014.12.02-03.50.20:632][385]LogModuleManager: Shutting down and abandoning module HeadMountedDisplay (51)
[2014.12.02-03.50.20:632][385]LogModuleManager: Shutting down and abandoning module XAudio2 (50)
[2014.12.02-03.50.20:632][385]LogModuleManager: Shutting down and abandoning module Networking (48)
[2014.12.02-03.50.20:632][385]LogModuleManager: Shutting down and abandoning module Core (47)
[2014.12.02-03.50.20:632][385]LogModuleManager: Shutting down and abandoning module KismetCompiler (46)
[2014.12.02-03.50.20:632][385]LogModuleManager: Shutting down and abandoning module PhysXFormats (45)
[2014.12.02-03.50.20:632][385]LogModuleManager: Shutting down and abandoning module MeshUtilities (44)
[2014.12.02-03.50.20:632][385]LogModuleManager: Shutting down and abandoning module DerivedDataCache (43)
[2014.12.02-03.50.20:682][385]LogDerivedDataCache: Shutdown
[2014.12.02-03.50.20:682][385]LogModuleManager: Shutting down and abandoning module ShaderFormatOpenGL (42)
[2014.12.02-03.50.20:682][385]LogModuleManager: Shutting down and abandoning module ShaderFormatD3D (41)
[2014.12.02-03.50.20:682][385]LogModuleManager: Shutting down and abandoning module MetalShaderFormat (40)
[2014.12.02-03.50.20:682][385]LogModuleManager: Shutting down and abandoning module TextureFormatUncompressed (39)
[2014.12.02-03.50.20:682][385]LogModuleManager: Shutting down and abandoning module TextureFormatPVR (38)
[2014.12.02-03.50.20:682][385]LogModuleManager: Shutting down and abandoning module TextureFormatDXT (37)
[2014.12.02-03.50.20:682][385]LogModuleManager: Shutting down and abandoning module TextureFormatAndroid (36)
[2014.12.02-03.50.20:682][385]LogModuleManager: Shutting down and abandoning module AudioFormatOpus (35)
[2014.12.02-03.50.20:682][385]LogModuleManager: Shutting down and abandoning module AudioFormatOgg (34)
[2014.12.02-03.50.20:682][385]LogModuleManager: Shutting down and abandoning module AudioFormatADPCM (33)
[2014.12.02-03.50.20:682][385]LogModuleManager: Shutting down and abandoning module Messaging (32)
[2014.12.02-03.50.20:682][385]LogModuleManager: Shutting down and abandoning module IOSTargetPlatform (31)
[2014.12.02-03.50.20:682][385]LogModuleManager: Shutting down and abandoning module Android_PVRTCTargetPlatform (30)
[2014.12.02-03.50.20:682][385]LogModuleManager: Shutting down and abandoning module Android_ETC2TargetPlatform (29)
[2014.12.02-03.50.20:682][385]LogModuleManager: Shutting down and abandoning module Android_ETC1TargetPlatform (28)
[2014.12.02-03.50.20:682][385]LogModuleManager: Shutting down and abandoning module Android_DXTTargetPlatform (27)
[2014.12.02-03.50.20:682][385]LogModuleManager: Shutting down and abandoning module Android_ATCTargetPlatform (26)
[2014.12.02-03.50.20:682][385]LogModuleManager: Shutting down and abandoning module AndroidTargetPlatform (25)
[2014.12.02-03.50.20:682][385]LogModuleManager: Shutting down and abandoning module WindowsTargetPlatform (24)
[2014.12.02-03.50.20:682][385]LogModuleManager: Shutting down and abandoning module WindowsServerTargetPlatform (23)
[2014.12.02-03.50.20:682][385]LogModuleManager: Shutting down and abandoning module WindowsNoEditorTargetPlatform (22)
[2014.12.02-03.50.20:682][385]LogModuleManager: Shutting down and abandoning module WindowsClientTargetPlatform (21)
[2014.12.02-03.50.20:682][385]LogModuleManager: Shutting down and abandoning module TargetPlatform (20)
[2014.12.02-03.50.20:682][385]LogModuleManager: Shutting down and abandoning module InputCore (19)
[2014.12.02-03.50.20:682][385]LogModuleManager: Shutting down and abandoning module Settings (18)
[2014.12.02-03.50.20:682][385]LogModuleManager: Shutting down and abandoning module ImageWrapper (17)
[2014.12.02-03.50.20:682][385]LogModuleManager: Shutting down and abandoning module OculusRift (14)
[2014.12.02-03.50.20:682][385]LogModuleManager: Shutting down and abandoning module ExampleDeviceProfileSelector (13)
[2014.12.02-03.50.20:682][385]LogModuleManager: Shutting down and abandoning module TextureCompressor (12)
[2014.12.02-03.50.20:682][385]LogModuleManager: Shutting down and abandoning module ShaderCore (11)
[2014.12.02-03.50.20:682][385]LogModuleManager: Shutting down and abandoning module SlateRHIRenderer (10)
[2014.12.02-03.50.20:683][385]LogModuleManager: Shutting down and abandoning module OpenGLDrv (9)
[2014.12.02-03.50.20:683][385]LogModuleManager: Shutting down and abandoning module D3D11RHI (8)
[2014.12.02-03.50.20:683][385]LogModuleManager: Shutting down and abandoning module Renderer (7)
[2014.12.02-03.50.20:683][385]LogModuleManager: Shutting down and abandoning module Engine (6)
[2014.12.02-03.50.20:683][385]LogModuleManager: Shutting down and abandoning module CoreUObject (5)
[2014.12.02-03.50.20:683][385]LogModuleManager: Shutting down and abandoning module NetworkFile (4)
[2014.12.02-03.50.20:683][385]LogModuleManager: Shutting down and abandoning module StreamingFile (3)
[2014.12.02-03.50.20:683][385]LogModuleManager: Shutting down and abandoning module SandboxFile (2)
[2014.12.02-03.50.20:683][385]LogModuleManager: Shutting down and abandoning module PakFile (1)
[2014.12.02-03.50.20:684][385]LogExit: Exiting.
[2014.12.02-03.50.20:689][385]Log file closed, 12/01/14 22:50:20
