Log file open, 10/03/15 19:37:58
LogInit:Display: Running engine for game: SumoCowVersion3
LogInit: Version: 4.5.1-2336687+++depot+UE4-Releases+4.5
LogInit: API Version: 2326478
LogInit: Compiled (64-bit): Oct 21 2014 22:32:40
LogInit: Compiled with Visual C++: 18.00.21005.01
LogInit: Build Configuration: Development
LogInit: Branch Name: ++depot+UE4-Releases+4.5
LogInit: Command line:  
LogInit: Base directory: C:/Program Files/Unreal Engine/4.5/Engine/Binaries/Win64/
LogInit: Rocket: 1
[2015.10.03-23.37.58:739][  0]LogTaskGraph: Started task graph with 3 named threads and 4 total threads.
[2015.10.03-23.37.58:818][  0]LogOnline:Warning: No default platform service specified for OnlineSubsystem
[2015.10.03-23.37.59:284][  0]LogInit: Presizing for 0 objects not considered by GC, pre-allocating 0 bytes.
[2015.10.03-23.37.59:300][  0]LogInit: Object subsystem initialized
[2015.10.03-23.37.59:304][  0]LogConsoleResponse:Warning: Skipping Unknown console variable: 'UIScaleRule = ShortestSide'
[2015.10.03-23.37.59:304][  0]LogConsoleResponse:Warning:   Found in ini file 'C:/Users/Tom/Documents/Unreal Projects/SumoCowVersion3/Saved/Config/Windows/Engine.ini', in section '[/Script/Engine.RendererSettings]'
[2015.10.03-23.37.59:304][  0]LogConsoleResponse:Warning: Skipping Unknown console variable: 'UIScaleCurve = (EditorCurveData=(Keys=((Time=480.000000,Value=0.444000),(Time=720.000000,Value=0.666000),(Time=1080.000000,Value=1.000000),(Time=8640.000000,Value=8.000000))),ExternalCurve=None)'
[2015.10.03-23.37.59:304][  0]LogConsoleResponse:Warning:   Found in ini file 'C:/Users/Tom/Documents/Unreal Projects/SumoCowVersion3/Saved/Config/Windows/Engine.ini', in section '[/Script/Engine.RendererSettings]'
[2015.10.03-23.37.59:305][  0]LogInit: Selected Device Profile: [Windows]
[2015.10.03-23.37.59:305][  0]LogInit: Applying CVar settings loaded from the selected device profile: [Windows]
[2015.10.03-23.37.59:439][  0]LogInit: Computer: TOMS-PC
[2015.10.03-23.37.59:439][  0]LogInit: User: Tom
[2015.10.03-23.37.59:443][  0]LogInit: CPU Page size=4096, Cores=4
[2015.10.03-23.37.59:443][  0]LogInit: High frequency timer resolution =3.320389 MHz
[2015.10.03-23.37.59:443][  0]LogMemory: Memory total: Physical=8.0GB (8GB approx) Virtual=131072.0GB
[2015.10.03-23.37.59:444][  0]LogMemory: Platform Memory Stats for Windows
[2015.10.03-23.37.59:444][  0]LogMemory: Process Physical Memory: 63.18 MB used, 63.18 MB peak
[2015.10.03-23.37.59:444][  0]LogMemory: Process Virtual Memory: 36.72 MB used, 36.72 MB peak
[2015.10.03-23.37.59:444][  0]LogMemory: Physical Memory: 2751.38 MB used, 8156.23 MB total
[2015.10.03-23.37.59:444][  0]LogMemory: Virtual Memory: 299.70 MB used, 134217728.00 MB total
[2015.10.03-23.37.59:493][  0]LogD3D11RHI: Found D3D11 adapter 0: NVIDIA GeForce GTX 560 Ti  (Feature Level 11_0)
[2015.10.03-23.37.59:493][  0]LogD3D11RHI: Adapter has 1228MB of dedicated video memory, 0MB of dedicated system memory, and 2815MB of shared system memory, 1 output[s]
[2015.10.03-23.37.59:495][  0]LogD3D11RHI: Found D3D11 adapter 1: Microsoft Basic Render Driver (Feature Level 11_0)
[2015.10.03-23.37.59:495][  0]LogD3D11RHI: Adapter has 0MB of dedicated video memory, 0MB of dedicated system memory, and 4078MB of shared system memory, 0 output[s]
[2015.10.03-23.37.59:495][  0]LogD3D11RHI: Chosen D3D11 Adapter Id = 0
[2015.10.03-23.37.59:501][  0]LogRHI: Texture pool is 860 MB (70% of 1228 MB)
[2015.10.03-23.37.59:513][  0]LogD3D11RHI: Async texture creation enabled
[2015.10.03-23.38.00:527][  0]LogTextLocalizationManager: The requested culture ('en_US') has no localization data; parent culture's ('en') localization data will be used.
[2015.10.03-23.38.00:860][  0]LogContentStreaming: Texture pool size is 0.000000MB
[2015.10.03-23.38.10:130][  0]LogTargetPlatformManager:Display: Building Assets For Windows
[2015.10.03-23.38.11:875][  0]LogTargetPlatformManager:Display: Building Assets For Windows
[2015.10.03-23.38.11:984][  0]LogDerivedDataCache:Display: Max Cache Size: 512 MB
[2015.10.03-23.38.12:647][  0]LogDerivedDataCache: Loaded boot cache 0.64s 39MB C:/Users/Tom/AppData/Local/UnrealEngine/4.5/DerivedDataCache/Boot.ddc.
[2015.10.03-23.38.12:647][  0]LogDerivedDataCache:Display: Loaded Boot cache: C:/Users/Tom/AppData/Local/UnrealEngine/4.5/DerivedDataCache/Boot.ddc
[2015.10.03-23.38.12:648][  0]LogDerivedDataCache: FDerivedDataBackendGraph:  Pak pak cache file ../../../../../../Users/Tom/Documents/Unreal Projects/SumoCowVersion3/DerivedDataCache/DDC.ddp not found, will not use a pak cache.
[2015.10.03-23.38.12:648][  0]LogDerivedDataCache: Unable to find inner node Pak for hierarchical cache Hierarchy.
[2015.10.03-23.38.12:808][  0]LogDerivedDataCache:Display: Pak cache opened for reading ../../../Engine/DerivedDataCache/DDC.ddp.
[2015.10.03-23.38.12:820][  0]LogDerivedDataCache: Using Local data cache path C:/Users/Tom/AppData/Local/UnrealEngine/Common/DerivedDataCache: Writable
[2015.10.03-23.38.15:747][  0]LogMeshUtilities: No automatic mesh reduction module available
[2015.10.03-23.38.15:747][  0]LogMeshUtilities: No automatic mesh merging module available
[2015.10.03-23.38.17:183][  0]LogLinker:Warning: Asset '../../../Engine/Content/Functions/Engine_MaterialFunctions02/Texturing/FlipBook.uasset' has been saved with empty engine version. The asset will be loaded but may be incompatible.
[2015.10.03-23.38.17:279][  0]LogLinker:Warning: Asset '../../../Engine/Content/Functions/Engine_MaterialFunctions02/ExampleContent/Textures/flipbook.uasset' has been saved with empty engine version. The asset will be loaded but may be incompatible.
[2015.10.03-23.38.19:186][  0]LogInit: WinSock: version 1.1 (2.2), MaxSocks=32767, MaxUdp=65467
[2015.10.03-23.38.52:734][  0]UdpMessaging: Initializing bridge on interface 0.0.0.0:0 to multicast group 230.0.0.1:6666.
[2015.10.03-23.38.54:068][  0]LogDirectoryWatcher:Warning: Failed to begin reading directory changes for C:/Users/Tom/Documents/Unreal Projects/SumoCowVersion3/Binaries/Win64. Error: 0
[2015.10.03-23.38.55:028][  0]SourceControl: Info Source control is disabled
[2015.10.03-23.38.55:028][  0]SourceControl: Info Source control is disabled
[2015.10.03-23.38.55:039][  0]SourceControl: Info Source control is disabled
[2015.10.03-23.38.56:200][  0]LogObj: 22915 objects as part of root set at end of initial load.
[2015.10.03-23.38.56:200][  0]LogUObjectAllocator: 4803544 out of 0 bytes used by permanent object pool.
[2015.10.03-23.38.56:475][  0]LogEngine: Initializing Engine...
[2015.10.03-23.38.57:625][  0]LogInit: XAudio2 using 'Speakers (Realtek High Definition Audio)' : 2 channels at 48 kHz using 32 bits per sample (channel mask 0x3)
[2015.10.03-23.38.58:616][  0]LogInit: FAudioDevice initialized.
[2015.10.03-23.38.58:724][  0]LogAIModule: Creating AISystem for world NewWorld
[2015.10.03-23.38.58:785][  0]LogDerivedDataCache: Saved boot cache 0.06s 39MB C:/Users/Tom/AppData/Local/UnrealEngine/4.5/DerivedDataCache/Boot.ddc.
[2015.10.03-23.38.58:795][  0]LogInit: Texture streaming: Enabled
[2015.10.03-23.38.59:408][  0]LogInit: Transaction tracking system initialized
[2015.10.03-23.38.59:971][  0]BlueprintLog: New page: Editor Load
[2015.10.03-23.39.00:700][  0]LogAssetRegistry: FAssetRegistry took 0.0115 seconds to start up
[2015.10.03-23.39.00:701][  0]LogDirectoryWatcher:Warning: Failed to begin reading directory changes for ../../../Engine/Plugins/Experimental/CharacterAI/Content/. Error: 0
[2015.10.03-23.39.04:484][  0]LogTargetPlatformManager:Display: Building Assets For Windows
[2015.10.03-23.39.05:500][  0]LogTargetPlatformManager:Display: Building Assets For Windows
[2015.10.03-23.39.06:941][  0]LogConsoleResponse:Display: 
[2015.10.03-23.39.09:540][  0]SourceControl: Info Source control is disabled
[2015.10.03-23.39.09:541][  0]Cmd: MAP LOAD FILE="../../../../../../Users/Tom/Documents/Unreal Projects/SumoCowVersion3/Content/Maps/Example_Map.umap" TEMPLATE=0 SHOWPROGRESS=1
[2015.10.03-23.39.09:562][  0]LightingResults: New page: Lighting Build
[2015.10.03-23.39.09:576][  0]MapCheck: New page: Map Check
[2015.10.03-23.39.09:576][  0]LightingResults: New page: Lighting Build
[2015.10.03-23.39.09:594][  0]LogParticles: Destroying 0 GPU particle simulations for FXSystem 0x00000046F5D999E0
[2015.10.03-23.39.14:078][  0]LogEditorServer: Finished looking for orphan Actors (0.000 secs)
[2015.10.03-23.39.14:078][  0]LogAIModule: Creating AISystem for world Example_Map
[2015.10.03-23.39.14:079][  0]Cmd: MAP CHECKDEP
[2015.10.03-23.39.14:079][  0]MapCheck: New page: Example_Map - Oct 3, 2015, 3:39:14 PM
[2015.10.03-23.39.14:269][  0]MapCheck: Info Map check complete: 0 Error(s), 0 Warning(s), took 190.05ms to complete.
[2015.10.03-23.39.14:269][  0]LogFileHelpers: Loading map 'Example_Map' took 4.729
[2015.10.03-23.39.14:480][  0]LogCollectionManager: Loaded 0 collections in 0.001974 seconds
[2015.10.03-23.39.14:880][  0]LogCrashTracker: Crashtracker disabled due to settings.
[2015.10.03-23.39.14:899][  0]LogUObjectGlobals:Warning: Failed to find object 'Class None.'
[2015.10.03-23.39.14:947][  0]LogLoad: Full Startup: 86.01 seconds (BP compile: 0.18 seconds)
[2015.10.03-23.39.14:961][  0]LogContentBrowser:Verbose: The content browser source was changed by the sources view to '/Game/Blueprints'
[2015.10.03-23.39.15:423][  0]LogRenderer:Warning: Reallocating scene render targets to support 688x592.
[2015.10.03-23.39.16:088][  4]LogAssetRegistry: Asset discovery search completed in 15.3996 seconds
[2015.10.03-23.40.08:521][169]LogActorComponent: UnregisterComponent: (/Engine/Transient.CharacterMovementComponent_0) Not registered. Aborting.
[2015.10.03-23.40.09:172][170]Cmd: QUIT_EDITOR
[2015.10.03-23.40.09:552][170]LogExit: Preparing to exit.
[2015.10.03-23.40.09:819][170]LogExit: Editor shut down
[2015.10.03-23.40.09:820][170]LogExit: Transaction tracking system shut down
[2015.10.03-23.40.09:821][170]LogParticles: Destroying 0 GPU particle simulations for FXSystem 0x00000046EA90FEC0
[2015.10.03-23.40.09:852][170]LogParticles: Destroying 0 GPU particle simulations for FXSystem 0x00000046FFF95580
[2015.10.03-23.40.09:852][170]LogParticles: Destroying 0 GPU particle simulations for FXSystem 0x0000004685246C00
[2015.10.03-23.40.09:852][170]LogParticles: Destroying 0 GPU particle simulations for FXSystem 0x0000004685246AC0
[2015.10.03-23.40.09:852][170]LogExit: Object subsystem successfully closed.
[2015.10.03-23.40.09:919][170]LogModuleManager: Shutting down and abandoning module AndroidDeviceDetection (166)
[2015.10.03-23.40.09:919][170]LogModuleManager: Shutting down and abandoning module CrashTracker (165)
[2015.10.03-23.40.09:919][170]LogModuleManager: Shutting down and abandoning module SuperSearch (164)
[2015.10.03-23.40.09:919][170]LogModuleManager: Shutting down and abandoning module SceneOutliner (163)
[2015.10.03-23.40.09:919][170]LogModuleManager: Shutting down and abandoning module EditorWidgets (162)
[2015.10.03-23.40.09:919][170]LogModuleManager: Shutting down and abandoning module CollectionManager (161)
[2015.10.03-23.40.09:919][170]LogModuleManager: Shutting down and abandoning module StatsViewer (160)
[2015.10.03-23.40.09:919][170]LogModuleManager: Shutting down and abandoning module FoliageEdit (159)
[2015.10.03-23.40.09:919][170]LogModuleManager: Shutting down and abandoning module LandscapeEditor (158)
[2015.10.03-23.40.09:919][170]LogModuleManager: Shutting down and abandoning module MeshPaint (157)
[2015.10.03-23.40.09:919][170]LogModuleManager: Shutting down and abandoning module ActorPickerMode (156)
[2015.10.03-23.40.09:919][170]LogModuleManager: Shutting down and abandoning module GeometryMode (155)
[2015.10.03-23.40.09:919][170]LogModuleManager: Shutting down and abandoning module TextureAlignMode (154)
[2015.10.03-23.40.09:919][170]LogModuleManager: Shutting down and abandoning module BspMode (153)
[2015.10.03-23.40.09:919][170]LogModuleManager: Shutting down and abandoning module PlacementMode (152)
[2015.10.03-23.40.09:919][170]LogModuleManager: Shutting down and abandoning module AutomationWorker (151)
[2015.10.03-23.40.09:919][170]LogModuleManager: Shutting down and abandoning module CharacterAI (150)
[2015.10.03-23.40.09:920][170]LogModuleManager: Shutting down and abandoning module GameProjectGeneration (149)
[2015.10.03-23.40.09:920][170]LogModuleManager: Shutting down and abandoning module IntroTutorials (148)
[2015.10.03-23.40.09:920][170]LogModuleManager: Shutting down and abandoning module EditorLiveStreaming (147)
[2015.10.03-23.40.09:920][170]LogModuleManager: Shutting down and abandoning module HardwareTargeting (146)
[2015.10.03-23.40.09:920][170]LogModuleManager: Shutting down and abandoning module BehaviorTreeEditor (145)
[2015.10.03-23.40.09:920][170]LogModuleManager: Shutting down and abandoning module DeviceProfileEditor (144)
[2015.10.03-23.40.09:920][170]LogModuleManager: Shutting down and abandoning module UndoHistory (143)
[2015.10.03-23.40.09:920][170]LogModuleManager: Shutting down and abandoning module GameplayTagsEditor (142)
[2015.10.03-23.40.09:920][170]LogModuleManager: Shutting down and abandoning module UserFeedback (141)
[2015.10.03-23.40.09:920][170]LogModuleManager: Shutting down and abandoning module XmlParser (140)
[2015.10.03-23.40.09:920][170]LogModuleManager: Shutting down and abandoning module Blutility (139)
[2015.10.03-23.40.09:920][170]LogModuleManager: Shutting down and abandoning module IOSPlatformEditor (138)
[2015.10.03-23.40.09:920][170]LogModuleManager: Shutting down and abandoning module IOSRuntimeSettings (137)
[2015.10.03-23.40.09:920][170]LogModuleManager: Shutting down and abandoning module AndroidPlatformEditor (136)
[2015.10.03-23.40.09:920][170]LogModuleManager: Shutting down and abandoning module AndroidRuntimeSettings (135)
[2015.10.03-23.40.09:920][170]LogModuleManager: Shutting down and abandoning module ProjectTargetPlatformEditor (134)
[2015.10.03-23.40.09:920][170]LogModuleManager: Shutting down and abandoning module ProjectSettingsViewer (133)
[2015.10.03-23.40.09:920][170]LogModuleManager: Shutting down and abandoning module InputBindingEditor (132)
[2015.10.03-23.40.09:920][170]LogModuleManager: Shutting down and abandoning module EditorSettingsViewer (131)
[2015.10.03-23.40.09:920][170]LogModuleManager: Shutting down and abandoning module SettingsEditor (130)
[2015.10.03-23.40.09:920][170]LogModuleManager: Shutting down and abandoning module ProjectLauncher (129)
[2015.10.03-23.40.09:920][170]LogModuleManager: Shutting down and abandoning module SessionFrontend (128)
[2015.10.03-23.40.09:920][170]LogModuleManager: Shutting down and abandoning module ProfilerClient (127)
[2015.10.03-23.40.09:920][170]LogModuleManager: Shutting down and abandoning module TargetDeviceServices (126)
[2015.10.03-23.40.09:921][170]LogModuleManager: Shutting down and abandoning module DeviceManager (125)
[2015.10.03-23.40.09:921][170]LogModuleManager: Shutting down and abandoning module AutomationController (124)
[2015.10.03-23.40.09:921][170]LogModuleManager: Shutting down and abandoning module AutomationWindow (123)
[2015.10.03-23.40.09:921][170]LogModuleManager: Shutting down and abandoning module Layers (122)
[2015.10.03-23.40.09:921][170]LogModuleManager: Shutting down and abandoning module ComponentVisualizers (121)
[2015.10.03-23.40.09:921][170]LogModuleManager: Shutting down and abandoning module DetailCustomizations (120)
[2015.10.03-23.40.09:921][170]LogModuleManager: Shutting down and abandoning module PackagesDialog (119)
[2015.10.03-23.40.09:921][170]LogModuleManager: Shutting down and abandoning module AssetRegistry (118)
[2015.10.03-23.40.10:024][170]LogModuleManager: Shutting down and abandoning module Persona (117)
[2015.10.03-23.40.10:024][170]LogModuleManager: Shutting down and abandoning module Kismet (116)
[2015.10.03-23.40.10:025][170]LogModuleManager: Shutting down and abandoning module GraphEditor (115)
[2015.10.03-23.40.10:025][170]LogModuleManager: Shutting down and abandoning module ClassViewer (114)
[2015.10.03-23.40.10:025][170]LogModuleManager: Shutting down and abandoning module Toolbox (113)
[2015.10.03-23.40.10:025][170]LogModuleManager: Shutting down and abandoning module ModuleUI (112)
[2015.10.03-23.40.10:025][170]LogModuleManager: Shutting down and abandoning module MovieSceneTools (111)
[2015.10.03-23.40.10:025][170]LogModuleManager: Shutting down and abandoning module OutputLog (110)
[2015.10.03-23.40.10:025][170]LogModuleManager: Shutting down and abandoning module GammaUI (109)
[2015.10.03-23.40.10:025][170]LogModuleManager: Shutting down and abandoning module Documentation (108)
[2015.10.03-23.40.10:025][170]LogModuleManager: Shutting down and abandoning module GameLiveStreaming (107)
[2015.10.03-23.40.10:025][170]LogModuleManager: Shutting down and abandoning module StreamingPauseRendering (106)
[2015.10.03-23.40.10:025][170]LogModuleManager: Shutting down and abandoning module HTTP (105)
[2015.10.03-23.40.10:070][170]LogModuleManager: Shutting down and abandoning module AnalyticsET (104)
[2015.10.03-23.40.10:070][170]LogModuleManager: Shutting down and abandoning module Analytics (103)
[2015.10.03-23.40.10:070][170]LogModuleManager: Shutting down and abandoning module GameplayDebugger (102)
[2015.10.03-23.40.10:070][170]LogModuleManager: Shutting down and abandoning module AIModule (101)
[2015.10.03-23.40.10:070][170]LogModuleManager: Shutting down and abandoning module ProfilerService (100)
[2015.10.03-23.40.10:189][170]LogModuleManager: Shutting down and abandoning module TaskGraph (99)
[2015.10.03-23.40.10:189][170]LogModuleManager: Shutting down and abandoning module SlateRemote (98)
[2015.10.03-23.40.10:192][170]LogModuleManager: Shutting down and abandoning module ScriptEditorPlugin (97)
[2015.10.03-23.40.10:192][170]LogModuleManager: Shutting down and abandoning module CustomMeshComponent (96)
[2015.10.03-23.40.10:192][170]LogModuleManager: Shutting down and abandoning module CableComponent (95)
[2015.10.03-23.40.10:192][170]LogModuleManager: Shutting down and abandoning module MessagingDebugger (94)
[2015.10.03-23.40.10:192][170]LogModuleManager: Shutting down and abandoning module MediaPlayerEditor (93)
[2015.10.03-23.40.10:192][170]LogModuleManager: Shutting down and abandoning module SpeedTreeImporter (92)
[2015.10.03-23.40.10:192][170]LogModuleManager: Shutting down and abandoning module PluginsEditor (91)
[2015.10.03-23.40.10:192][170]LogModuleManager: Shutting down and abandoning module EpicSurvey (90)
[2015.10.03-23.40.10:192][170]LogModuleManager: Shutting down and abandoning module DesktopPlatform (89)
[2015.10.03-23.40.10:192][170]LogModuleManager: Shutting down and abandoning module VisualStudioSourceCodeAccess (88)
[2015.10.03-23.40.10:192][170]LogModuleManager: Shutting down and abandoning module UObjectPlugin (87)
[2015.10.03-23.40.10:192][170]LogModuleManager: Shutting down and abandoning module SubversionSourceControl (86)
[2015.10.03-23.40.10:192][170]LogModuleManager: Shutting down and abandoning module SourceControl (85)
[2015.10.03-23.40.10:192][170]LogModuleManager: Shutting down and abandoning module PerforceSourceControl (84)
[2015.10.03-23.40.10:192][170]LogModuleManager: Shutting down and abandoning module BlankPlugin (83)
[2015.10.03-23.40.10:192][170]LogModuleManager: Shutting down and abandoning module SlateReflector (82)
[2015.10.03-23.40.10:193][170]LogModuleManager: Shutting down and abandoning module DirectoryWatcher (81)
[2015.10.03-23.40.10:193][170]LogModuleManager: Shutting down and abandoning module HotReload (80)
[2015.10.03-23.40.10:193][170]LogModuleManager: Shutting down and abandoning module MainFrame (79)
[2015.10.03-23.40.10:193][170]LogModuleManager: Shutting down and abandoning module LevelEditor (78)
[2015.10.03-23.40.10:194][170]LogModuleManager: Shutting down and abandoning module ViewportSnapping (77)
[2015.10.03-23.40.10:195][170]LogModuleManager: Shutting down and abandoning module SmartSnapping (76)
[2015.10.03-23.40.10:195][170]LogModuleManager: Shutting down and abandoning module PaperTiledImporter (75)
[2015.10.03-23.40.10:195][170]LogModuleManager: Shutting down and abandoning module PaperJsonImporter (74)
[2015.10.03-23.40.10:195][170]LogModuleManager: Shutting down and abandoning module ContentBrowser (73)
[2015.10.03-23.40.10:195][170]LogModuleManager: Shutting down and abandoning module PropertyEditor (72)
[2015.10.03-23.40.10:195][170]LogModuleManager: Shutting down and abandoning module Paper2DEditor (71)
[2015.10.03-23.40.10:195][170]LogModuleManager: Shutting down and abandoning module ScriptPlugin (70)
[2015.10.03-23.40.10:195][170]LogModuleManager: Shutting down and abandoning module UdpMessaging (69)
[2015.10.03-23.40.10:296][170]LogModuleManager: Shutting down and abandoning module Paper2D (68)
[2015.10.03-23.40.10:296][170]LogModuleManager: Shutting down and abandoning module WindowsMoviePlayer (67)
[2015.10.03-23.40.10:302][170]LogModuleManager: Shutting down and abandoning module Media (66)
[2015.10.03-23.40.10:302][170]LogModuleManager: Shutting down and abandoning module WmfMedia (65)
[2015.10.03-23.40.10:302][170]LogModuleManager: Shutting down and abandoning module OnlineBlueprintSupport (64)
[2015.10.03-23.40.10:302][170]LogModuleManager: Shutting down and abandoning module FunctionalTesting (63)
[2015.10.03-23.40.10:302][170]LogModuleManager: Shutting down and abandoning module CollisionAnalyzer (62)
[2015.10.03-23.40.10:302][170]LogModuleManager: Shutting down and abandoning module WorkspaceMenuStructure (61)
[2015.10.03-23.40.10:302][170]LogModuleManager: Shutting down and abandoning module MessageLog (60)
[2015.10.03-23.40.10:302][170]LogModuleManager: Shutting down and abandoning module Sequencer (59)
[2015.10.03-23.40.10:303][170]LogModuleManager: Shutting down and abandoning module AssetTools (58)
[2015.10.03-23.40.10:303][170]LogModuleManager: Shutting down and abandoning module UMGEditor (57)
[2015.10.03-23.40.10:303][170]LogModuleManager: Shutting down and abandoning module UMG (56)
[2015.10.03-23.40.10:303][170]LogModuleManager: Shutting down and abandoning module Slate (55)
[2015.10.03-23.40.10:303][170]LogModuleManager: Shutting down and abandoning module EditorStyle (54)
[2015.10.03-23.40.10:306][170]LogModuleManager: Shutting down and abandoning module SessionServices (53)
[2015.10.03-23.40.10:306][170]LogModuleManager: Shutting down and abandoning module SourceCodeAccess (52)
[2015.10.03-23.40.10:306][170]LogModuleManager: Shutting down and abandoning module HeadMountedDisplay (51)
[2015.10.03-23.40.10:306][170]LogModuleManager: Shutting down and abandoning module XAudio2 (50)
[2015.10.03-23.40.10:306][170]LogModuleManager: Shutting down and abandoning module Networking (48)
[2015.10.03-23.40.10:306][170]LogModuleManager: Shutting down and abandoning module Core (47)
[2015.10.03-23.40.10:306][170]LogModuleManager: Shutting down and abandoning module KismetCompiler (46)
[2015.10.03-23.40.10:306][170]LogModuleManager: Shutting down and abandoning module PhysXFormats (45)
[2015.10.03-23.40.10:306][170]LogModuleManager: Shutting down and abandoning module MeshUtilities (44)
[2015.10.03-23.40.10:306][170]LogModuleManager: Shutting down and abandoning module DerivedDataCache (43)
[2015.10.03-23.40.10:411][170]LogDerivedDataCache: Shutdown
[2015.10.03-23.40.10:411][170]LogModuleManager: Shutting down and abandoning module ShaderFormatOpenGL (42)
[2015.10.03-23.40.10:411][170]LogModuleManager: Shutting down and abandoning module ShaderFormatD3D (41)
[2015.10.03-23.40.10:411][170]LogModuleManager: Shutting down and abandoning module MetalShaderFormat (40)
[2015.10.03-23.40.10:411][170]LogModuleManager: Shutting down and abandoning module TextureFormatUncompressed (39)
[2015.10.03-23.40.10:411][170]LogModuleManager: Shutting down and abandoning module TextureFormatPVR (38)
[2015.10.03-23.40.10:411][170]LogModuleManager: Shutting down and abandoning module TextureFormatDXT (37)
[2015.10.03-23.40.10:411][170]LogModuleManager: Shutting down and abandoning module TextureFormatAndroid (36)
[2015.10.03-23.40.10:411][170]LogModuleManager: Shutting down and abandoning module AudioFormatOpus (35)
[2015.10.03-23.40.10:411][170]LogModuleManager: Shutting down and abandoning module AudioFormatOgg (34)
[2015.10.03-23.40.10:411][170]LogModuleManager: Shutting down and abandoning module AudioFormatADPCM (33)
[2015.10.03-23.40.10:411][170]LogModuleManager: Shutting down and abandoning module Messaging (32)
[2015.10.03-23.40.10:411][170]LogModuleManager: Shutting down and abandoning module IOSTargetPlatform (31)
[2015.10.03-23.40.10:411][170]LogModuleManager: Shutting down and abandoning module Android_PVRTCTargetPlatform (30)
[2015.10.03-23.40.10:411][170]LogModuleManager: Shutting down and abandoning module Android_ETC2TargetPlatform (29)
[2015.10.03-23.40.10:411][170]LogModuleManager: Shutting down and abandoning module Android_ETC1TargetPlatform (28)
[2015.10.03-23.40.10:411][170]LogModuleManager: Shutting down and abandoning module Android_DXTTargetPlatform (27)
[2015.10.03-23.40.10:411][170]LogModuleManager: Shutting down and abandoning module Android_ATCTargetPlatform (26)
[2015.10.03-23.40.10:411][170]LogModuleManager: Shutting down and abandoning module AndroidTargetPlatform (25)
[2015.10.03-23.40.10:411][170]LogModuleManager: Shutting down and abandoning module WindowsTargetPlatform (24)
[2015.10.03-23.40.10:411][170]LogModuleManager: Shutting down and abandoning module WindowsServerTargetPlatform (23)
[2015.10.03-23.40.10:411][170]LogModuleManager: Shutting down and abandoning module WindowsNoEditorTargetPlatform (22)
[2015.10.03-23.40.10:411][170]LogModuleManager: Shutting down and abandoning module WindowsClientTargetPlatform (21)
[2015.10.03-23.40.10:411][170]LogModuleManager: Shutting down and abandoning module TargetPlatform (20)
[2015.10.03-23.40.10:411][170]LogModuleManager: Shutting down and abandoning module InputCore (19)
[2015.10.03-23.40.10:411][170]LogModuleManager: Shutting down and abandoning module Settings (18)
[2015.10.03-23.40.10:411][170]LogModuleManager: Shutting down and abandoning module ImageWrapper (17)
[2015.10.03-23.40.10:411][170]LogModuleManager: Shutting down and abandoning module OculusRift (14)
[2015.10.03-23.40.10:411][170]LogModuleManager: Shutting down and abandoning module ExampleDeviceProfileSelector (13)
[2015.10.03-23.40.10:412][170]LogModuleManager: Shutting down and abandoning module TextureCompressor (12)
[2015.10.03-23.40.10:412][170]LogModuleManager: Shutting down and abandoning module ShaderCore (11)
[2015.10.03-23.40.10:412][170]LogModuleManager: Shutting down and abandoning module SlateRHIRenderer (10)
[2015.10.03-23.40.10:413][170]LogModuleManager: Shutting down and abandoning module OpenGLDrv (9)
[2015.10.03-23.40.10:413][170]LogModuleManager: Shutting down and abandoning module D3D11RHI (8)
[2015.10.03-23.40.10:413][170]LogModuleManager: Shutting down and abandoning module Renderer (7)
[2015.10.03-23.40.10:413][170]LogModuleManager: Shutting down and abandoning module Engine (6)
[2015.10.03-23.40.10:413][170]LogModuleManager: Shutting down and abandoning module CoreUObject (5)
[2015.10.03-23.40.10:413][170]LogModuleManager: Shutting down and abandoning module NetworkFile (4)
[2015.10.03-23.40.10:413][170]LogModuleManager: Shutting down and abandoning module StreamingFile (3)
[2015.10.03-23.40.10:413][170]LogModuleManager: Shutting down and abandoning module SandboxFile (2)
[2015.10.03-23.40.10:413][170]LogModuleManager: Shutting down and abandoning module PakFile (1)
[2015.10.03-23.40.10:414][170]LogExit: Exiting.
[2015.10.03-23.40.10:419][170]Log file closed, 10/03/15 19:40:10
